==Example memory file. Notice that this has 256-bit cache line.
==Thus the initial memory address is 256-bits wide.

@0000000000000000
0000542F72100000000000001260000000000000127B000000000000126CE0F9
00006A0600000000000068050000000000006604000000000000741100000000
5943761200000000000016C300000000000016C40000000000006C0700000000
000000006E080000000000006C087A140000000000009B7F7811000000000000
000000007C13000000000000DDB6000000000000DFD3000000000000DDA80000
00000000000062096E056C046A0868076606640062000000000000007E130000
000000000000720B000000000000620A000000000000C080000000000000E40B
0000000000006A0D781A76190000000000006805660874180000000000006404
1483000000000000741B761B781B7A1B641B661A68196A180000000000007A1B
3CC2000000000000162100000000000014830000000000001705000000000000
000000000000EA72781E486F680016C47815761500000000000066023E046801
0000000000007E1600007C1600002E1C00002D9C0000000000001C217A1E4140
00000000B81D000000000000A21C6C0D6A0D680D6600640062007C03F0FD1D87
0401592016E616E40E000C0104030A030804020556E00000740A720A640C0000
00000000000016E30E0416E602020000192A0000000000000A06592016E616E1
1EAFDEEB0242BEAD700F0000C040E22F761A74197218760A00000000000016C4
CCCC9999892112341010FFFFF00BD0CA600D0000DDDD600FB006F0ED0042D22D
6A07C1C0192E00000000000002500000020C0222ABBA0110ABCD8888BA116969
1863128314AB16ED56E054A05260E06BC1C06C0D6A0D680D660D640D620DC1C0
6603103E740010227A007400547F132E132A13251AC30000000056AF9AFFD4A3
7A07780776077407720714EC132C1B6CA2061AE7D911660518EB660476036602
E19A60071921080C126916E10201192216E21268592056E052601F201CE01A60
A20A19210401620916E108016208192316E20000592056E0E0306E1A6C196418
1B610802127F5B605260780C760B16E10201E21D522019210C01A20616E10C01
000000000000E16D1A051B61C040E2025B6011607A0D0000000000001A451279
F00F03380111FB03FADD03443DAC9A4D0000ABDA000000000E107A00E0026203
6608640BE2C4E0B65020526054A056E059205B605DA05FE00348276C0FEEF00F
485516FE77801D44487D54A05260660B18846408E8BC03FB16FF126214B97440
07F91A60485316FB77801D44486F54A05260660B188418846408E8AF07F91A60
1B43485A640162007403720248476DC01F444862640362025DA018C46808E6A1
6808E683720372017202720052600FEB7401720008031E6048317D401D876F40
6F401B44483B640162007403720248106DC01F434843640362025DA018C41904
14A104031AB10E07126104021A710E340FEB7401720008031E60481E7D401D87
127F52600E0254A0126104031A710E0714A104021AB1C1C0127F52600E025260
16B10E08526014610E0B14BF126104061671660D040616A0040B16717606C1C0
19046808E234C1C0DB611A45DAA4C1C06606127F52600E0214AF54A012A10404
12621AC56640640CD92207FB14BF126218C46640640C59205B605DA05FE01301
07FB14BF12621EC76640640CDDA207FB14BF12621CC66640640CDB6207FB14BF
003F4A3F0FFFF0000100000000000000000000000000000000000FFF9FFF56C7
0000000000000000000000000000000000000000000000000000000000FFFFF1
0000000000000000000000000000000000000000000000000000000000000000
00000000